app/build/intermediates/manifest_merge_blame_file/debug/manifest-merger-blame-debug-report.txt
1<?xml version="1.0" encoding="utf-8"?>
2<manifest xmlns:android="http://schemas.android.com/apk/res/android"
3    package="com.mf.bm443.depo"
4    android:versionCode="1"
5    android:versionName="1.0" >
6
7    <uses-sdk
8        android:minSdkVersion="26"
8-->src\main\AndroidManifest.xml
9        android:targetSdkVersion="32" />
9-->src\main\AndroidManifest.xml
10
11    <uses-permission android:name="android.permission.INTERNET" /> <!-- Although the *SdkVersion is captured in gradle build files, this is required for non gradle builds -->
11-->[com.firebaseui:firebase-ui-firestore:8.0.1] AndroidManifest.xml:9:5-67
11-->[com.firebaseui:firebase-ui-firestore:8.0.1] AndroidManifest.xml:9:22-64
12    <!-- <uses-sdk android:minSdkVersion="14" /> -->
13    <uses-permission android:name="android.permission.ACCESS_NETWORK_STATE" />
13-->[com.google.firebase:firebase-firestore:24.1.1] AndroidManifest.xml:13:5-79
13-->[com.google.firebase:firebase-firestore:24.1.1] AndroidManifest.xml:13:22-76
14    <uses-permission android:name="android.permission.WAKE_LOCK" />
14-->[com.google.android.gms:play-services-measurement-api:20.1.2] AndroidManifest.xml:24:5-68
14-->[com.google.android.gms:play-services-measurement-api:20.1.2] AndroidManifest.xml:24:22-65
15    <uses-permission android:name="com.google.android.gms.permission.AD_ID" />
15-->[com.google.android.gms:play-services-measurement-api:20.1.2] AndroidManifest.xml:25:5-79
15-->[com.google.android.gms:play-services-measurement-api:20.1.2] AndroidManifest.xml:25:22-76
16    <uses-permission android:name="com.google.android.finsky.permission.BIND_GET_INSTALL_REFERRER_SERVICE" />
16-->[com.google.android.gms:play-services-measurement:20.1.2] AndroidManifest.xml:26:5-110
16-->[com.google.android.gms:play-services-measurement:20.1.2] AndroidManifest.xml:26:22-107
17
18    <application
18-->src\main\AndroidManifest.xml:5:5-39:19
19        android:allowBackup="true"
19-->src\main\AndroidManifest.xml:6:9-35
20        android:appComponentFactory="androidx.core.app.CoreComponentFactory"
20-->[androidx.core:core:1.7.0] AndroidManifest.xml:24:18-86
21        android:debuggable="true"
22        android:extractNativeLibs="false"
23        android:icon="@drawable/ic_logo"
23-->src\main\AndroidManifest.xml:7:9-41
24        android:label="@string/app_name"
24-->src\main\AndroidManifest.xml:8:9-41
25        android:roundIcon="@drawable/ic_logo"
25-->src\main\AndroidManifest.xml:9:9-46
26        android:supportsRtl="true"
26-->src\main\AndroidManifest.xml:10:9-35
27        android:testOnly="true"
28        android:theme="@style/Theme.Light" >
28-->src\main\AndroidManifest.xml:11:9-43
29        <activity
29-->src\main\AndroidManifest.xml:13:9-15:39
30            android:name="mf.bm443.depo.UrunIslemleri"
30-->src\main\AndroidManifest.xml:14:13-42
31            android:exported="true" />
31-->src\main\AndroidManifest.xml:15:13-36
32        <activity
32-->src\main\AndroidManifest.xml:17:9-19:39
33            android:name="mf.bm443.depo.DepoEkle"
33-->src\main\AndroidManifest.xml:18:13-37
34            android:exported="true" />
34-->src\main\AndroidManifest.xml:19:13-36
35        <activity
35-->src\main\AndroidManifest.xml:20:9-22:39
36            android:name="mf.bm443.depo.Depolarim"
36-->src\main\AndroidManifest.xml:21:13-38
37            android:exported="true" />
37-->src\main\AndroidManifest.xml:22:13-36
38        <activity
38-->src\main\AndroidManifest.xml:23:9-25:39
39            android:name="mf.bm443.depo.KayitOl"
39-->src\main\AndroidManifest.xml:24:13-36
40            android:exported="true" />
40-->src\main\AndroidManifest.xml:25:13-36
41        <activity
41-->src\main\AndroidManifest.xml:26:9-28:39
42            android:name="mf.bm443.depo.HomePage"
42-->src\main\AndroidManifest.xml:27:13-37
43            android:exported="true" />
43-->src\main\AndroidManifest.xml:28:13-36
44        <activity
44-->src\main\AndroidManifest.xml:30:9-37:20
45            android:name="mf.bm443.depo.MainActivity"
45-->src\main\AndroidManifest.xml:31:13-41
46            android:exported="true" >
46-->src\main\AndroidManifest.xml:32:13-36
47            <intent-filter>
47-->src\main\AndroidManifest.xml:33:13-36:29
48                <action android:name="android.intent.action.MAIN" />
48-->src\main\AndroidManifest.xml:34:17-69
48-->src\main\AndroidManifest.xml:34:25-66
49
50                <category android:name="android.intent.category.LAUNCHER" />
50-->src\main\AndroidManifest.xml:35:17-77
50-->src\main\AndroidManifest.xml:35:27-74
51            </intent-filter>
52        </activity>
53
54        <service
54-->[com.google.firebase:firebase-firestore:24.1.1] AndroidManifest.xml:17:9-23:19
55            android:name="com.google.firebase.components.ComponentDiscoveryService"
55-->[com.google.firebase:firebase-firestore:24.1.1] AndroidManifest.xml:18:13-84
56            android:directBootAware="true"
56-->[com.google.firebase:firebase-common:20.1.0] AndroidManifest.xml:35:13-43
57            android:exported="false" >
57-->[com.google.firebase:firebase-firestore:24.1.1] AndroidManifest.xml:19:13-37
58            <meta-data
58-->[com.google.firebase:firebase-firestore:24.1.1] AndroidManifest.xml:20:13-22:85
59                android:name="com.google.firebase.components:com.google.firebase.firestore.FirestoreRegistrar"
59-->[com.google.firebase:firebase-firestore:24.1.1] AndroidManifest.xml:21:17-111
60                android:value="com.google.firebase.components.ComponentRegistrar" />
60-->[com.google.firebase:firebase-firestore:24.1.1] AndroidManifest.xml:22:17-82
61            <meta-data
61-->[com.google.firebase:firebase-auth:21.0.3] AndroidManifest.xml:67:13-69:85
62                android:name="com.google.firebase.components:com.google.firebase.auth.FirebaseAuthRegistrar"
62-->[com.google.firebase:firebase-auth:21.0.3] AndroidManifest.xml:68:17-109
63                android:value="com.google.firebase.components.ComponentRegistrar" />
63-->[com.google.firebase:firebase-auth:21.0.3] AndroidManifest.xml:69:17-82
64            <meta-data
64-->[com.google.firebase:firebase-database:20.0.4] AndroidManifest.xml:32:13-34:85
65                android:name="com.google.firebase.components:com.google.firebase.database.DatabaseRegistrar"
65-->[com.google.firebase:firebase-database:20.0.4] AndroidManifest.xml:33:17-109
66                android:value="com.google.firebase.components.ComponentRegistrar" />
66-->[com.google.firebase:firebase-database:20.0.4] AndroidManifest.xml:34:17-82
67            <meta-data
67-->[com.google.android.gms:play-services-measurement-api:20.1.2] AndroidManifest.xml:31:13-33:85
68                android:name="com.google.firebase.components:com.google.firebase.analytics.connector.internal.AnalyticsConnectorRegistrar"
68-->[com.google.android.gms:play-services-measurement-api:20.1.2] AndroidManifest.xml:32:17-139
69                android:value="com.google.firebase.components.ComponentRegistrar" />
69-->[com.google.android.gms:play-services-measurement-api:20.1.2] AndroidManifest.xml:33:17-82
70            <meta-data
70-->[com.google.firebase:firebase-installations:17.0.1] AndroidManifest.xml:18:13-20:85
71                android:name="com.google.firebase.components:com.google.firebase.installations.FirebaseInstallationsRegistrar"
71-->[com.google.firebase:firebase-installations:17.0.1] AndroidManifest.xml:19:17-127
72                android:value="com.google.firebase.components.ComponentRegistrar" />
72-->[com.google.firebase:firebase-installations:17.0.1] AndroidManifest.xml:20:17-82
73        </service>
74
75        <activity
75-->[com.google.firebase:firebase-auth:21.0.3] AndroidManifest.xml:27:9-44:20
76            android:name="com.google.firebase.auth.internal.GenericIdpActivity"
76-->[com.google.firebase:firebase-auth:21.0.3] AndroidManifest.xml:28:13-80
77            android:excludeFromRecents="true"
77-->[com.google.firebase:firebase-auth:21.0.3] AndroidManifest.xml:29:13-46
78            android:exported="true"
78-->[com.google.firebase:firebase-auth:21.0.3] AndroidManifest.xml:30:13-36
79            android:launchMode="singleTask"
79-->[com.google.firebase:firebase-auth:21.0.3] AndroidManifest.xml:31:13-44
80            android:theme="@android:style/Theme.Translucent.NoTitleBar" >
80-->[com.google.firebase:firebase-auth:21.0.3] AndroidManifest.xml:32:13-72
81            <intent-filter>
81-->[com.google.firebase:firebase-auth:21.0.3] AndroidManifest.xml:33:13-43:29
82                <action android:name="android.intent.action.VIEW" />
82-->[com.google.firebase:firebase-auth:21.0.3] AndroidManifest.xml:34:17-69
82-->[com.google.firebase:firebase-auth:21.0.3] AndroidManifest.xml:34:25-66
83
84                <category android:name="android.intent.category.DEFAULT" />
84-->[com.google.firebase:firebase-auth:21.0.3] AndroidManifest.xml:36:17-76
84-->[com.google.firebase:firebase-auth:21.0.3] AndroidManifest.xml:36:27-73
85                <category android:name="android.intent.category.BROWSABLE" />
85-->[com.google.firebase:firebase-auth:21.0.3] AndroidManifest.xml:37:17-78
85-->[com.google.firebase:firebase-auth:21.0.3] AndroidManifest.xml:37:27-75
86
87                <data
87-->[com.google.firebase:firebase-auth:21.0.3] AndroidManifest.xml:39:17-42:51
88                    android:host="firebase.auth"
88-->[com.google.firebase:firebase-auth:21.0.3] AndroidManifest.xml:40:21-49
89                    android:path="/"
89-->[com.google.firebase:firebase-auth:21.0.3] AndroidManifest.xml:41:21-37
90                    android:scheme="genericidp" />
90-->[com.google.firebase:firebase-auth:21.0.3] AndroidManifest.xml:42:21-48
91            </intent-filter>
92        </activity>
93        <activity
93-->[com.google.firebase:firebase-auth:21.0.3] AndroidManifest.xml:45:9-62:20
94            android:name="com.google.firebase.auth.internal.RecaptchaActivity"
94-->[com.google.firebase:firebase-auth:21.0.3] AndroidManifest.xml:46:13-79
95            android:excludeFromRecents="true"
95-->[com.google.firebase:firebase-auth:21.0.3] AndroidManifest.xml:47:13-46
96            android:exported="true"
96-->[com.google.firebase:firebase-auth:21.0.3] AndroidManifest.xml:48:13-36
97            android:launchMode="singleTask"
97-->[com.google.firebase:firebase-auth:21.0.3] AndroidManifest.xml:49:13-44
98            android:theme="@android:style/Theme.Translucent.NoTitleBar" >
98-->[com.google.firebase:firebase-auth:21.0.3] AndroidManifest.xml:50:13-72
99            <intent-filter>
99-->[com.google.firebase:firebase-auth:21.0.3] AndroidManifest.xml:51:13-61:29
100                <action android:name="android.intent.action.VIEW" />
100-->[com.google.firebase:firebase-auth:21.0.3] AndroidManifest.xml:34:17-69
100-->[com.google.firebase:firebase-auth:21.0.3] AndroidManifest.xml:34:25-66
101
102                <category android:name="android.intent.category.DEFAULT" />
102-->[com.google.firebase:firebase-auth:21.0.3] AndroidManifest.xml:36:17-76
102-->[com.google.firebase:firebase-auth:21.0.3] AndroidManifest.xml:36:27-73
103                <category android:name="android.intent.category.BROWSABLE" />
103-->[com.google.firebase:firebase-auth:21.0.3] AndroidManifest.xml:37:17-78
103-->[com.google.firebase:firebase-auth:21.0.3] AndroidManifest.xml:37:27-75
104
105                <data
105-->[com.google.firebase:firebase-auth:21.0.3] AndroidManifest.xml:39:17-42:51
106                    android:host="firebase.auth"
106-->[com.google.firebase:firebase-auth:21.0.3] AndroidManifest.xml:40:21-49
107                    android:path="/"
107-->[com.google.firebase:firebase-auth:21.0.3] AndroidManifest.xml:41:21-37
108                    android:scheme="recaptcha" />
108-->[com.google.firebase:firebase-auth:21.0.3] AndroidManifest.xml:42:21-48
109            </intent-filter>
110        </activity>
111        <activity
111-->[com.google.android.gms:play-services-auth:20.2.0] AndroidManifest.xml:23:9-27:75
112            android:name="com.google.android.gms.auth.api.signin.internal.SignInHubActivity"
112-->[com.google.android.gms:play-services-auth:20.2.0] AndroidManifest.xml:24:13-93
113            android:excludeFromRecents="true"
113-->[com.google.android.gms:play-services-auth:20.2.0] AndroidManifest.xml:25:13-46
114            android:exported="false"
114-->[com.google.android.gms:play-services-auth:20.2.0] AndroidManifest.xml:26:13-37
115            android:theme="@android:style/Theme.Translucent.NoTitleBar" />
115-->[com.google.android.gms:play-services-auth:20.2.0] AndroidManifest.xml:27:13-72
116        <!--
117            Service handling Google Sign-In user revocation. For apps that do not integrate with
118            Google Sign-In, this service will never be started.
119        -->
120        <service
120-->[com.google.android.gms:play-services-auth:20.2.0] AndroidManifest.xml:33:9-37:51
121            android:name="com.google.android.gms.auth.api.signin.RevocationBoundService"
121-->[com.google.android.gms:play-services-auth:20.2.0] AndroidManifest.xml:34:13-89
122            android:exported="true"
122-->[com.google.android.gms:play-services-auth:20.2.0] AndroidManifest.xml:35:13-36
123            android:permission="com.google.android.gms.auth.api.signin.permission.REVOCATION_NOTIFICATION"
123-->[com.google.android.gms:play-services-auth:20.2.0] AndroidManifest.xml:36:13-107
124            android:visibleToInstantApps="true" />
124-->[com.google.android.gms:play-services-auth:20.2.0] AndroidManifest.xml:37:13-48
125
126        <provider
126-->[com.google.firebase:firebase-common:20.1.0] AndroidManifest.xml:26:9-31:39
127            android:name="com.google.firebase.provider.FirebaseInitProvider"
127-->[com.google.firebase:firebase-common:20.1.0] AndroidManifest.xml:27:13-77
128            android:authorities="com.mf.bm443.depo.firebaseinitprovider"
128-->[com.google.firebase:firebase-common:20.1.0] AndroidManifest.xml:28:13-72
129            android:directBootAware="true"
129-->[com.google.firebase:firebase-common:20.1.0] AndroidManifest.xml:29:13-43
130            android:exported="false"
130-->[com.google.firebase:firebase-common:20.1.0] AndroidManifest.xml:30:13-37
131            android:initOrder="100" />
131-->[com.google.firebase:firebase-common:20.1.0] AndroidManifest.xml:31:13-36
132
133        <receiver
133-->[com.google.android.gms:play-services-measurement:20.1.2] AndroidManifest.xml:29:9-33:20
134            android:name="com.google.android.gms.measurement.AppMeasurementReceiver"
134-->[com.google.android.gms:play-services-measurement:20.1.2] AndroidManifest.xml:30:13-85
135            android:enabled="true"
135-->[com.google.android.gms:play-services-measurement:20.1.2] AndroidManifest.xml:31:13-35
136            android:exported="false" >
136-->[com.google.android.gms:play-services-measurement:20.1.2] AndroidManifest.xml:32:13-37
137        </receiver>
138
139        <service
139-->[com.google.android.gms:play-services-measurement:20.1.2] AndroidManifest.xml:35:9-38:40
140            android:name="com.google.android.gms.measurement.AppMeasurementService"
140-->[com.google.android.gms:play-services-measurement:20.1.2] AndroidManifest.xml:36:13-84
141            android:enabled="true"
141-->[com.google.android.gms:play-services-measurement:20.1.2] AndroidManifest.xml:37:13-35
142            android:exported="false" />
142-->[com.google.android.gms:play-services-measurement:20.1.2] AndroidManifest.xml:38:13-37
143        <service
143-->[com.google.android.gms:play-services-measurement:20.1.2] AndroidManifest.xml:39:9-43:72
144            android:name="com.google.android.gms.measurement.AppMeasurementJobService"
144-->[com.google.android.gms:play-services-measurement:20.1.2] AndroidManifest.xml:40:13-87
145            android:enabled="true"
145-->[com.google.android.gms:play-services-measurement:20.1.2] AndroidManifest.xml:41:13-35
146            android:exported="false"
146-->[com.google.android.gms:play-services-measurement:20.1.2] AndroidManifest.xml:42:13-37
147            android:permission="android.permission.BIND_JOB_SERVICE" />
147-->[com.google.android.gms:play-services-measurement:20.1.2] AndroidManifest.xml:43:13-69
148
149        <activity
149-->[com.google.android.gms:play-services-base:18.0.1] AndroidManifest.xml:20:9-22:45
150            android:name="com.google.android.gms.common.api.GoogleApiActivity"
150-->[com.google.android.gms:play-services-base:18.0.1] AndroidManifest.xml:20:19-85
151            android:exported="false"
151-->[com.google.android.gms:play-services-base:18.0.1] AndroidManifest.xml:22:19-43
152            android:theme="@android:style/Theme.Translucent.NoTitleBar" />
152-->[com.google.android.gms:play-services-base:18.0.1] AndroidManifest.xml:21:19-78
153
154        <meta-data
154-->[com.google.android.gms:play-services-basement:18.0.0] AndroidManifest.xml:21:9-23:69
155            android:name="com.google.android.gms.version"
155-->[com.google.android.gms:play-services-basement:18.0.0] AndroidManifest.xml:22:13-58
156            android:value="@integer/google_play_services_version" />
156-->[com.google.android.gms:play-services-basement:18.0.0] AndroidManifest.xml:23:13-66
157
158        <provider
158-->[androidx.emoji2:emoji2:1.0.0] AndroidManifest.xml:26:9-34:20
159            android:name="androidx.startup.InitializationProvider"
159-->[androidx.emoji2:emoji2:1.0.0] AndroidManifest.xml:27:13-67
160            android:authorities="com.mf.bm443.depo.androidx-startup"
160-->[androidx.emoji2:emoji2:1.0.0] AndroidManifest.xml:28:13-68
161            android:exported="false" >
161-->[androidx.emoji2:emoji2:1.0.0] AndroidManifest.xml:29:13-37
162            <meta-data
162-->[androidx.emoji2:emoji2:1.0.0] AndroidManifest.xml:31:13-33:52
163                android:name="androidx.emoji2.text.EmojiCompatInitializer"
163-->[androidx.emoji2:emoji2:1.0.0] AndroidManifest.xml:32:17-75
164                android:value="androidx.startup" />
164-->[androidx.emoji2:emoji2:1.0.0] AndroidManifest.xml:33:17-49
165            <meta-data
165-->[androidx.profileinstaller:profileinstaller:1.0.0] AndroidManifest.xml:31:13-33:52
166                android:name="androidx.profileinstaller.ProfileInstallerInitializer"
166-->[androidx.profileinstaller:profileinstaller:1.0.0] AndroidManifest.xml:32:17-85
167                android:value="androidx.startup" />
167-->[androidx.profileinstaller:profileinstaller:1.0.0] AndroidManifest.xml:33:17-49
168            <meta-data
168-->[androidx.lifecycle:lifecycle-process:2.4.0] AndroidManifest.xml:31:13-33:52
169                android:name="androidx.lifecycle.ProcessLifecycleInitializer"
169-->[androidx.lifecycle:lifecycle-process:2.4.0] AndroidManifest.xml:32:17-78
170                android:value="androidx.startup" />
170-->[androidx.lifecycle:lifecycle-process:2.4.0] AndroidManifest.xml:33:17-49
171        </provider>
172
173        <uses-library
173-->[androidx.window:window:1.0.0] AndroidManifest.xml:25:9-27:40
174            android:name="androidx.window.extensions"
174-->[androidx.window:window:1.0.0] AndroidManifest.xml:26:13-54
175            android:required="false" />
175-->[androidx.window:window:1.0.0] AndroidManifest.xml:27:13-37
176        <uses-library
176-->[androidx.window:window:1.0.0] AndroidManifest.xml:28:9-30:40
177            android:name="androidx.window.sidecar"
177-->[androidx.window:window:1.0.0] AndroidManifest.xml:29:13-51
178            android:required="false" />
178-->[androidx.window:window:1.0.0] AndroidManifest.xml:30:13-37
179
180        <receiver
180-->[androidx.profileinstaller:profileinstaller:1.0.0] AndroidManifest.xml:36:9-45:20
181            android:name="androidx.profileinstaller.ProfileInstallReceiver"
181-->[androidx.profileinstaller:profileinstaller:1.0.0] AndroidManifest.xml:37:13-76
182            android:directBootAware="false"
182-->[androidx.profileinstaller:profileinstaller:1.0.0] AndroidManifest.xml:38:13-44
183            android:enabled="true"
183-->[androidx.profileinstaller:profileinstaller:1.0.0] AndroidManifest.xml:39:13-35
184            android:exported="true"
184-->[androidx.profileinstaller:profileinstaller:1.0.0] AndroidManifest.xml:40:13-36
185            android:permission="android.permission.DUMP" >
185-->[androidx.profileinstaller:profileinstaller:1.0.0] AndroidManifest.xml:41:13-57
186            <intent-filter>
186-->[androidx.profileinstaller:profileinstaller:1.0.0] AndroidManifest.xml:42:13-44:29
187                <action android:name="androidx.profileinstaller.action.INSTALL_PROFILE" />
187-->[androidx.profileinstaller:profileinstaller:1.0.0] AndroidManifest.xml:43:17-91
187-->[androidx.profileinstaller:profileinstaller:1.0.0] AndroidManifest.xml:43:25-88
188            </intent-filter>
189        </receiver>
190    </application>
191
192</manifest>